Build started 9/26/2014 4:55:24 PM.
     1>Project "C:\Users\bzhouab\Dropbox\Workspace\CPP\MPDec\MPDec\MPDec\MPDec.vcxproj" on node 2 (build target(s)).
     1>PrepareForBuild:
         Creating directory "C:\Users\bzhouab\Dropbox\Workspace\CPP\MPDec\MPDec\Debug\".
       InitializeBuildStatus:
         Creating "Debug\MPDec.unsuccessfulbuild" because "AlwaysCreate" was specified.
       ClCompile:
         C:\Program Files (x86)\Microsoft Visual Studio 10.0\VC\bin\CL.exe /c /ZI /nologo /W3 /WX- /Od /Oy- /D WIN32 /D _DEBUG /D _CONSOLE /D _UNICODE /D UNICODE /Gm /EHsc /RTC1 /MDd /GS /fp:precise /Zc:wchar_t /Zc:forScope /Yc"StdAfx.h" /Fp"Debug\MPDec.pch" /Fo"Debug\\" /Fd"Debug\vc100.pdb" /Gd /TP /analyze- /errorReport:prompt stdafx.cpp
         stdafx.cpp
         C:\Program Files (x86)\Microsoft Visual Studio 10.0\VC\bin\CL.exe /c /ZI /nologo /W3 /WX- /Od /Oy- /D WIN32 /D _DEBUG /D _CONSOLE /D _UNICODE /D UNICODE /Gm /EHsc /RTC1 /MDd /GS /fp:precise /Zc:wchar_t /Zc:forScope /Yu"StdAfx.h" /Fp"Debug\MPDec.pch" /Fo"Debug\\" /Fd"Debug\vc100.pdb" /Gd /TP /analyze- /errorReport:prompt MPDec.cpp MPDecoder.cpp
         MPDecoder.cpp
         MPDec.cpp
     1>c:\users\bzhouab\dropbox\workspace\cpp\mpdec\mpdec\mpdec\mpdec.cpp(41): warning C4996: 'scanf': This function or variable may be unsafe. Consider using scanf_s instead. To disable deprecation, use _CRT_SECURE_NO_WARNINGS. See online help for details.
                 c:\program files (x86)\microsoft visual studio 10.0\vc\include\stdio.h(304) : see declaration of 'scanf'
     1>c:\users\bzhouab\dropbox\workspace\cpp\mpdec\mpdec\mpdec\mpdec.cpp(44): warning C4996: 'scanf': This function or variable may be unsafe. Consider using scanf_s instead. To disable deprecation, use _CRT_SECURE_NO_WARNINGS. See online help for details.
                 c:\program files (x86)\microsoft visual studio 10.0\vc\include\stdio.h(304) : see declaration of 'scanf'
     1>c:\users\bzhouab\dropbox\workspace\cpp\mpdec\mpdec\mpdec\mpdec.cpp(47): warning C4996: 'scanf': This function or variable may be unsafe. Consider using scanf_s instead. To disable deprecation, use _CRT_SECURE_NO_WARNINGS. See online help for details.
                 c:\program files (x86)\microsoft visual studio 10.0\vc\include\stdio.h(304) : see declaration of 'scanf'
     1>c:\users\bzhouab\dropbox\workspace\cpp\mpdec\mpdec\mpdec\mpdec.cpp(55): warning C4996: 'scanf': This function or variable may be unsafe. Consider using scanf_s instead. To disable deprecation, use _CRT_SECURE_NO_WARNINGS. See online help for details.
                 c:\program files (x86)\microsoft visual studio 10.0\vc\include\stdio.h(304) : see declaration of 'scanf'
     1>c:\users\bzhouab\dropbox\workspace\cpp\mpdec\mpdec\mpdec\mpdec.cpp(78): warning C4996: 'scanf': This function or variable may be unsafe. Consider using scanf_s instead. To disable deprecation, use _CRT_SECURE_NO_WARNINGS. See online help for details.
                 c:\program files (x86)\microsoft visual studio 10.0\vc\include\stdio.h(304) : see declaration of 'scanf'
     1>c:\users\bzhouab\dropbox\workspace\cpp\mpdec\mpdec\mpdec\mpdec.cpp(82): warning C4996: 'scanf': This function or variable may be unsafe. Consider using scanf_s instead. To disable deprecation, use _CRT_SECURE_NO_WARNINGS. See online help for details.
                 c:\program files (x86)\microsoft visual studio 10.0\vc\include\stdio.h(304) : see declaration of 'scanf'
         Generating Code...
       ManifestResourceCompile:
         C:\Program Files (x86)\Microsoft SDKs\Windows\v7.0A\bin\rc.exe /nologo /fo"Debug\MPDec.exe.embed.manifest.res" Debug\MPDec_manifest.rc 
       Link:
         C:\Program Files (x86)\Microsoft Visual Studio 10.0\VC\bin\link.exe /ERRORREPORT:PROMPT /OUT:"C:\Users\bzhouab\Dropbox\Workspace\CPP\MPDec\MPDec\Debug\MPDec.exe" /INCREMENTAL /NOLOGO kernel32.lib user32.lib gdi32.lib winspool.lib comdlg32.lib advapi32.lib shell32.lib ole32.lib oleaut32.lib uuid.lib odbc32.lib odbccp32.lib /MANIFEST /ManifestFile:"Debug\MPDec.exe.intermediate.manifest" /MANIFESTUAC:"level='asInvoker' uiAccess='false'" /DEBUG /PDB:"C:\Users\bzhouab\Dropbox\Workspace\CPP\MPDec\MPDec\Debug\MPDec.pdb" /SUBSYSTEM:CONSOLE /TLBID:1 /DYNAMICBASE /NXCOMPAT /IMPLIB:"C:\Users\bzhouab\Dropbox\Workspace\CPP\MPDec\MPDec\Debug\MPDec.lib" /MACHINE:X86 Debug\MPDec.exe.embed.manifest.res
         Debug\MPDec.obj
         Debug\MPDecoder.obj
         Debug\stdafx.obj
       Manifest:
         C:\Program Files (x86)\Microsoft SDKs\Windows\v7.0A\bin\mt.exe /nologo /verbose /out:"Debug\MPDec.exe.embed.manifest" /manifest Debug\MPDec.exe.intermediate.manifest
         C:\Program Files (x86)\Microsoft SDKs\Windows\v7.0A\bin\rc.exe /nologo /fo"Debug\MPDec.exe.embed.manifest.res" Debug\MPDec_manifest.rc 
       LinkEmbedManifest:
         C:\Program Files (x86)\Microsoft Visual Studio 10.0\VC\bin\link.exe /ERRORREPORT:PROMPT /OUT:"C:\Users\bzhouab\Dropbox\Workspace\CPP\MPDec\MPDec\Debug\MPDec.exe" /INCREMENTAL /NOLOGO kernel32.lib user32.lib gdi32.lib winspool.lib comdlg32.lib advapi32.lib shell32.lib ole32.lib oleaut32.lib uuid.lib odbc32.lib odbccp32.lib /MANIFEST /ManifestFile:"Debug\MPDec.exe.intermediate.manifest" /MANIFESTUAC:"level='asInvoker' uiAccess='false'" /DEBUG /PDB:"C:\Users\bzhouab\Dropbox\Workspace\CPP\MPDec\MPDec\Debug\MPDec.pdb" /SUBSYSTEM:CONSOLE /TLBID:1 /DYNAMICBASE /NXCOMPAT /IMPLIB:"C:\Users\bzhouab\Dropbox\Workspace\CPP\MPDec\MPDec\Debug\MPDec.lib" /MACHINE:X86 Debug\MPDec.exe.embed.manifest.res
         Debug\MPDec.obj
         Debug\MPDecoder.obj
         Debug\stdafx.obj
         MPDec.vcxproj -> C:\Users\bzhouab\Dropbox\Workspace\CPP\MPDec\MPDec\Debug\MPDec.exe
       FinalizeBuildStatus:
         Deleting file "Debug\MPDec.unsuccessfulbuild".
         Touching "Debug\MPDec.lastbuildstate".
     1>Done Building Project "C:\Users\bzhouab\Dropbox\Workspace\CPP\MPDec\MPDec\MPDec\MPDec.vcxproj" (build target(s)).

Build succeeded.

Time Elapsed 00:00:01.56
